{
  error: Error: EIO: i/o error, write
      at writeSync (node:fs:934:3)
      at SyncWriteStream._write (node:internal/fs/sync_write_stream:27:5)
      at writeOrBuffer (node:internal/streams/writable:572:12)
      at _write (node:internal/streams/writable:501:10)
      at Writable.write (node:internal/streams/writable:510:10)
      at Console.log (/home/rocky/Desktop/Navarna/hrm/server/node_modules/winston/lib/winston/transports/console.js:87:23)
      at Console._write (/home/rocky/Desktop/Navarna/hrm/server/node_modules/winston-transport/modern.js:103:17)
      at doWrite (/home/rocky/Desktop/Navarna/hrm/server/node_modules/winston-transport/node_modules/readable-stream/lib/_stream_writable.js:390:139)
      at writeOrBuffer (/home/rocky/Desktop/Navarna/hrm/server/node_modules/winston-transport/node_modules/readable-stream/lib/_stream_writable.js:381:5)
      at Writable.write (/home/rocky/Desktop/Navarna/hrm/server/node_modules/winston-transport/node_modules/readable-stream/lib/_stream_writable.js:302:11) {
    errno: -5,
    syscall: 'write',
    code: 'EIO'
  },
  level: 'error',
  message: 'uncaughtException: EIO: i/o error, write\n' +
    'Error: EIO: i/o error, write\n' +
    '    at writeSync (node:fs:934:3)\n' +
    '    at SyncWriteStream._write (node:internal/fs/sync_write_stream:27:5)\n' +
    '    at writeOrBuffer (node:internal/streams/writable:572:12)\n' +
    '    at _write (node:internal/streams/writable:501:10)\n' +
    '    at Writable.write (node:internal/streams/writable:510:10)\n' +
    '    at Console.log (/home/rocky/Desktop/Navarna/hrm/server/node_modules/winston/lib/winston/transports/console.js:87:23)\n' +
    '    at Console._write (/home/rocky/Desktop/Navarna/hrm/server/node_modules/winston-transport/modern.js:103:17)\n' +
    '    at doWrite (/home/rocky/Desktop/Navarna/hrm/server/node_modules/winston-transport/node_modules/readable-stream/lib/_stream_writable.js:390:139)\n' +
    '    at writeOrBuffer (/home/rocky/Desktop/Navarna/hrm/server/node_modules/winston-transport/node_modules/readable-stream/lib/_stream_writable.js:381:5)\n' +
    '    at Writable.write (/home/rocky/Desktop/Navarna/hrm/server/node_modules/winston-transport/node_modules/readable-stream/lib/_stream_writable.js:302:11)',
  stack: 'Error: EIO: i/o error, write\n' +
    '    at writeSync (node:fs:934:3)\n' +
    '    at SyncWriteStream._write (node:internal/fs/sync_write_stream:27:5)\n' +
    '    at writeOrBuffer (node:internal/streams/writable:572:12)\n' +
    '    at _write (node:internal/streams/writable:501:10)\n' +
    '    at Writable.write (node:internal/streams/writable:510:10)\n' +
    '    at Console.log (/home/rocky/Desktop/Navarna/hrm/server/node_modules/winston/lib/winston/transports/console.js:87:23)\n' +
    '    at Console._write (/home/rocky/Desktop/Navarna/hrm/server/node_modules/winston-transport/modern.js:103:17)\n' +
    '    at doWrite (/home/rocky/Desktop/Navarna/hrm/server/node_modules/winston-transport/node_modules/readable-stream/lib/_stream_writable.js:390:139)\n' +
    '    at writeOrBuffer (/home/rocky/Desktop/Navarna/hrm/server/node_modules/winston-transport/node_modules/readable-stream/lib/_stream_writable.js:381:5)\n' +
    '    at Writable.write (/home/rocky/Desktop/Navarna/hrm/server/node_modules/winston-transport/node_modules/readable-stream/lib/_stream_writable.js:302:11)',
  exception: true,
  date: 'Sun Nov 02 2025 17:02:49 GMT+0530 (India Standard Time)',
  process: {
    pid: 76868,
    uid: 1000,
    gid: 1000,
    cwd: '/home/rocky/Desktop/Navarna/hrm/server',
    execPath: '/home/rocky/.nvm/versions/node/v20.19.3/bin/node',
    version: 'v20.19.3',
    argv: [
      '/home/rocky/.nvm/versions/node/v20.19.3/bin/node',
      '/home/rocky/Desktop/Navarna/hrm/server/server.js'
    ],
    memoryUsage: {
      rss: 114737152,
      heapTotal: 62103552,
      heapUsed: 37426416,
      external: 20705006,
      arrayBuffers: 18263499
    }
  },
  os: { loadavg: [ 0.7, 0.99, 1.25 ], uptime: 16646.66 },
  trace: [
    {
      column: 3,
      file: 'node:fs',
      function: 'writeSync',
      line: 934,
      method: null,
      native: false
    },
    {
      column: 5,
      file: 'node:internal/fs/sync_write_stream',
      function: 'SyncWriteStream._write',
      line: 27,
      method: '_write',
      native: false
    },
    {
      column: 12,
      file: 'node:internal/streams/writable',
      function: 'writeOrBuffer',
      line: 572,
      method: null,
      native: false
    },
    {
      column: 10,
      file: 'node:internal/streams/writable',
      function: '_write',
      line: 501,
      method: null,
      native: false
    },
    {
      column: 10,
      file: 'node:internal/streams/writable',
      function: 'Writable.write',
      line: 510,
      method: 'write',
      native: false
    },
    {
      column: 23,
      file: '/home/rocky/Desktop/Navarna/hrm/server/node_modules/winston/lib/winston/transports/console.js',
      function: 'Console.log',
      line: 87,
      method: 'log',
      native: false
    },
    {
      column: 17,
      file: '/home/rocky/Desktop/Navarna/hrm/server/node_modules/winston-transport/modern.js',
      function: 'Console._write',
      line: 103,
      method: '_write',
      native: false
    },
    {
      column: 139,
      file: '/home/rocky/Desktop/Navarna/hrm/server/node_modules/winston-transport/node_modules/readable-stream/lib/_stream_writable.js',
      function: 'doWrite',
      line: 390,
      method: null,
      native: false
    },
    {
      column: 5,
      file: '/home/rocky/Desktop/Navarna/hrm/server/node_modules/winston-transport/node_modules/readable-stream/lib/_stream_writable.js',
      function: 'writeOrBuffer',
      line: 381,
      method: null,
      native: false
    },
    {
      column: 11,
      file: '/home/rocky/Desktop/Navarna/hrm/server/node_modules/winston-transport/node_modules/readable-stream/lib/_stream_writable.js',
      function: 'Writable.write',
      line: 302,
      method: 'write',
      native: false
    }
  ],
  service: 'hrm-backend',
  timestamp: '2025-11-02 17:02:49'
}
{
  error: Error: EIO: i/o error, write
      at writeSync (node:fs:934:3)
      at SyncWriteStream._write (node:internal/fs/sync_write_stream:27:5)
      at writeOrBuffer (node:internal/streams/writable:572:12)
      at _write (node:internal/streams/writable:501:10)
      at Writable.write (node:internal/streams/writable:510:10)
      at Console.log (/home/rocky/Desktop/Navarna/hrm/server/node_modules/winston/lib/winston/transports/console.js:87:23)
      at Console._write (/home/rocky/Desktop/Navarna/hrm/server/node_modules/winston-transport/modern.js:103:17)
      at doWrite (/home/rocky/Desktop/Navarna/hrm/server/node_modules/winston-transport/node_modules/readable-stream/lib/_stream_writable.js:390:139)
      at writeOrBuffer (/home/rocky/Desktop/Navarna/hrm/server/node_modules/winston-transport/node_modules/readable-stream/lib/_stream_writable.js:381:5)
      at Writable.write (/home/rocky/Desktop/Navarna/hrm/server/node_modules/winston-transport/node_modules/readable-stream/lib/_stream_writable.js:302:11) {
    errno: -5,
    syscall: 'write',
    code: 'EIO'
  },
  level: 'error',
  message: 'uncaughtException: EIO: i/o error, write\n' +
    'Error: EIO: i/o error, write\n' +
    '    at writeSync (node:fs:934:3)\n' +
    '    at SyncWriteStream._write (node:internal/fs/sync_write_stream:27:5)\n' +
    '    at writeOrBuffer (node:internal/streams/writable:572:12)\n' +
    '    at _write (node:internal/streams/writable:501:10)\n' +
    '    at Writable.write (node:internal/streams/writable:510:10)\n' +
    '    at Console.log (/home/rocky/Desktop/Navarna/hrm/server/node_modules/winston/lib/winston/transports/console.js:87:23)\n' +
    '    at Console._write (/home/rocky/Desktop/Navarna/hrm/server/node_modules/winston-transport/modern.js:103:17)\n' +
    '    at doWrite (/home/rocky/Desktop/Navarna/hrm/server/node_modules/winston-transport/node_modules/readable-stream/lib/_stream_writable.js:390:139)\n' +
    '    at writeOrBuffer (/home/rocky/Desktop/Navarna/hrm/server/node_modules/winston-transport/node_modules/readable-stream/lib/_stream_writable.js:381:5)\n' +
    '    at Writable.write (/home/rocky/Desktop/Navarna/hrm/server/node_modules/winston-transport/node_modules/readable-stream/lib/_stream_writable.js:302:11)',
  stack: 'Error: EIO: i/o error, write\n' +
    '    at writeSync (node:fs:934:3)\n' +
    '    at SyncWriteStream._write (node:internal/fs/sync_write_stream:27:5)\n' +
    '    at writeOrBuffer (node:internal/streams/writable:572:12)\n' +
    '    at _write (node:internal/streams/writable:501:10)\n' +
    '    at Writable.write (node:internal/streams/writable:510:10)\n' +
    '    at Console.log (/home/rocky/Desktop/Navarna/hrm/server/node_modules/winston/lib/winston/transports/console.js:87:23)\n' +
    '    at Console._write (/home/rocky/Desktop/Navarna/hrm/server/node_modules/winston-transport/modern.js:103:17)\n' +
    '    at doWrite (/home/rocky/Desktop/Navarna/hrm/server/node_modules/winston-transport/node_modules/readable-stream/lib/_stream_writable.js:390:139)\n' +
    '    at writeOrBuffer (/home/rocky/Desktop/Navarna/hrm/server/node_modules/winston-transport/node_modules/readable-stream/lib/_stream_writable.js:381:5)\n' +
    '    at Writable.write (/home/rocky/Desktop/Navarna/hrm/server/node_modules/winston-transport/node_modules/readable-stream/lib/_stream_writable.js:302:11)',
  exception: true,
  date: 'Mon Nov 03 2025 18:16:22 GMT+0530 (India Standard Time)',
  process: {
    pid: 16250,
    uid: 1000,
    gid: 1000,
    cwd: '/home/rocky/Desktop/Navarna/hrm/server',
    execPath: '/home/rocky/.nvm/versions/node/v20.19.3/bin/node',
    version: 'v20.19.3',
    argv: [
      '/home/rocky/.nvm/versions/node/v20.19.3/bin/node',
      '/home/rocky/Desktop/Navarna/hrm/server/server.js'
    ],
    memoryUsage: {
      rss: 112349184,
      heapTotal: 64462848,
      heapUsed: 28077856,
      external: 20686061,
      arrayBuffers: 18263096
    }
  },
  os: { loadavg: [ 1.96, 2.18, 1.8 ], uptime: 1324.85 },
  trace: [
    {
      column: 3,
      file: 'node:fs',
      function: 'writeSync',
      line: 934,
      method: null,
      native: false
    },
    {
      column: 5,
      file: 'node:internal/fs/sync_write_stream',
      function: 'SyncWriteStream._write',
      line: 27,
      method: '_write',
      native: false
    },
    {
      column: 12,
      file: 'node:internal/streams/writable',
      function: 'writeOrBuffer',
      line: 572,
      method: null,
      native: false
    },
    {
      column: 10,
      file: 'node:internal/streams/writable',
      function: '_write',
      line: 501,
      method: null,
      native: false
    },
    {
      column: 10,
      file: 'node:internal/streams/writable',
      function: 'Writable.write',
      line: 510,
      method: 'write',
      native: false
    },
    {
      column: 23,
      file: '/home/rocky/Desktop/Navarna/hrm/server/node_modules/winston/lib/winston/transports/console.js',
      function: 'Console.log',
      line: 87,
      method: 'log',
      native: false
    },
    {
      column: 17,
      file: '/home/rocky/Desktop/Navarna/hrm/server/node_modules/winston-transport/modern.js',
      function: 'Console._write',
      line: 103,
      method: '_write',
      native: false
    },
    {
      column: 139,
      file: '/home/rocky/Desktop/Navarna/hrm/server/node_modules/winston-transport/node_modules/readable-stream/lib/_stream_writable.js',
      function: 'doWrite',
      line: 390,
      method: null,
      native: false
    },
    {
      column: 5,
      file: '/home/rocky/Desktop/Navarna/hrm/server/node_modules/winston-transport/node_modules/readable-stream/lib/_stream_writable.js',
      function: 'writeOrBuffer',
      line: 381,
      method: null,
      native: false
    },
    {
      column: 11,
      file: '/home/rocky/Desktop/Navarna/hrm/server/node_modules/winston-transport/node_modules/readable-stream/lib/_stream_writable.js',
      function: 'Writable.write',
      line: 302,
      method: 'write',
      native: false
    }
  ],
  service: 'hrm-backend',
  timestamp: '2025-11-03 18:16:22'
}
